<?xml version="1.0" encoding="UTF-8"?>
<!-- Generated by org.testng.reporters.JUnitXMLReporter -->
<testsuite hostname="LAPTOP-82HCE90S" ignored="0" name="Compare the values" tests="1" failures="1" timestamp="2020-11-22T19:01:17 IST" time="0.006" errors="0">
  <testcase name="compare_Values" time="0.002" classname="Tests.Temperature_Compare">
    <failure type="java.lang.AssertionError" message="did not expect to find [true] but found [false]">
      <![CDATA[java.lang.AssertionError: did not expect to find [true] but found [false]
at Tests.Temperature_Compare.compare_Values(Temperature_Compare.java:27)
at java.util.concurrent.ThreadPoolExecutor.runWorker(ThreadPoolExecutor.java:1149)
at java.util.concurrent.ThreadPoolExecutor$Worker.run(ThreadPoolExecutor.java:624)
at java.lang.Thread.run(Thread.java:748)
... Removed 16 stack frames]]>
    </failure>
  </testcase> <!-- compare_Values -->
</testsuite> <!-- Compare the values -->
