<?xml version="1.0" encoding="UTF-8"?>
<!-- Generated by org.testng.reporters.JUnitXMLReporter -->
<testsuite hostname="LAPTOP-82HCE90S" ignored="0" name="GUI and API Comparision" tests="3" failures="0" timestamp="2020-11-22T10:57:58 IST" time="43.958" errors="0">
  <testcase name="Fetch_GUI_Temp" time="39.002" classname="Tests.Temperature_GUI"/>
  <testcase name="getRequest" time="4.906" classname="Tests.Temperature_API"/>
  <testcase name="compare_Values" time="0.002" classname="Tests.Temperature_Compare"/>
</testsuite> <!-- GUI and API Comparision -->
